<?xml version="1.0" encoding="UTF-8"?>
<!-- Generated by org.testng.reporters.JUnitReportReporter -->
<testsuite hostname="SwathiPC" failures="0" tests="1" name="PlatoTeststore.ProductPage" time="10.879" errors="0" timestamp="2025-06-20T20:14:52 ADT" skipped="0">
  <testcase classname="PlatoTeststore.ProductPage" name="validateSearchResults" time="10.879"/>
</testsuite> <!-- PlatoTeststore.ProductPage -->
