<?xml version="1.0" encoding="UTF-8"?>
<!-- Generated by org.testng.reporters.JUnitReportReporter -->
<testsuite hostname="SwathiPC" failures="0" tests="1" name="PlatoTeststore.LoginPage" time="13.376" errors="0" timestamp="2025-06-20T20:14:52 ADT" skipped="0">
  <testcase classname="PlatoTeststore.LoginPage" name="enterLoginDetails" time="13.376"/>
</testsuite> <!-- PlatoTeststore.LoginPage -->
