<?xml version="1.0" encoding="UTF-8"?>
<!-- Generated by org.testng.reporters.JUnitReportReporter -->
<testsuite hostname="SwathiPC" failures="0" tests="1" name="PlatoTeststore.AddProduct" time="12.976" errors="0" timestamp="2025-06-20T20:14:52 ADT" skipped="0">
  <testcase classname="PlatoTeststore.AddProduct" name="addProductTest" time="12.976"/>
</testsuite> <!-- PlatoTeststore.AddProduct -->
